2026-06-25 13:35:37,167:WARNING:
'cuml' is a soft dependency and not included in the pycaret installation. Please run: `pip install cuml` to install.
2026-06-25 13:35:37,168:WARNING:
'cuml' is a soft dependency and not included in the pycaret installation. Please run: `pip install cuml` to install.
2026-06-25 13:35:37,169:WARNING:
'cuml' is a soft dependency and not included in the pycaret installation. Please run: `pip install cuml` to install.
2026-06-25 13:35:37,169:WARNING:
'cuml' is a soft dependency and not included in the pycaret installation. Please run: `pip install cuml` to install.
2026-06-25 13:36:31,656:WARNING:
'cuml' is a soft dependency and not included in the pycaret installation. Please run: `pip install cuml` to install.
2026-06-25 13:36:31,657:WARNING:
'cuml' is a soft dependency and not included in the pycaret installation. Please run: `pip install cuml` to install.
2026-06-25 13:36:31,658:WARNING:
'cuml' is a soft dependency and not included in the pycaret installation. Please run: `pip install cuml` to install.
2026-06-25 13:36:31,658:WARNING:
'cuml' is a soft dependency and not included in the pycaret installation. Please run: `pip install cuml` to install.
2026-06-25 13:38:50,689:WARNING:
'cuml' is a soft dependency and not included in the pycaret installation. Please run: `pip install cuml` to install.
2026-06-25 13:38:50,690:WARNING:
'cuml' is a soft dependency and not included in the pycaret installation. Please run: `pip install cuml` to install.
2026-06-25 13:38:50,690:WARNING:
'cuml' is a soft dependency and not included in the pycaret installation. Please run: `pip install cuml` to install.
2026-06-25 13:38:50,691:WARNING:
'cuml' is a soft dependency and not included in the pycaret installation. Please run: `pip install cuml` to install.
2026-06-25 13:38:53,664:WARNING:C:\Users\mmiik\miniconda3\envs\wine\Lib\site-packages\_distutils_hack\__init__.py:30: UserWarning: Setuptools is replacing distutils. Support for replacing an already imported distutils is deprecated. In the future, this condition will fail. Register concerns at https://github.com/pypa/setuptools/issues/new?template=distutils-deprecation.yml
  warnings.warn(

2026-06-25 13:39:54,335:WARNING:
'cuml' is a soft dependency and not included in the pycaret installation. Please run: `pip install cuml` to install.
2026-06-25 13:39:54,336:WARNING:
'cuml' is a soft dependency and not included in the pycaret installation. Please run: `pip install cuml` to install.
2026-06-25 13:39:54,337:WARNING:
'cuml' is a soft dependency and not included in the pycaret installation. Please run: `pip install cuml` to install.
2026-06-25 13:39:54,337:WARNING:
'cuml' is a soft dependency and not included in the pycaret installation. Please run: `pip install cuml` to install.
2026-06-25 13:39:57,388:WARNING:C:\Users\mmiik\miniconda3\envs\wine\Lib\site-packages\_distutils_hack\__init__.py:30: UserWarning: Setuptools is replacing distutils. Support for replacing an already imported distutils is deprecated. In the future, this condition will fail. Register concerns at https://github.com/pypa/setuptools/issues/new?template=distutils-deprecation.yml
  warnings.warn(

2026-06-25 13:39:59,465:WARNING:
'xgboost' is a soft dependency and not included in the pycaret installation. Please run: `pip install xgboost` to install.
Alternately, you can install this by running `pip install pycaret[models]`
2026-06-25 13:39:59,467:WARNING:
'catboost' is a soft dependency and not included in the pycaret installation. Please run: `pip install catboost` to install.
Alternately, you can install this by running `pip install pycaret[models]`
2026-06-25 13:39:59,500:WARNING:
'xgboost' is a soft dependency and not included in the pycaret installation. Please run: `pip install xgboost` to install.
Alternately, you can install this by running `pip install pycaret[models]`
2026-06-25 13:39:59,501:WARNING:
'catboost' is a soft dependency and not included in the pycaret installation. Please run: `pip install catboost` to install.
Alternately, you can install this by running `pip install pycaret[models]`
2026-06-25 13:39:59,535:WARNING:
'xgboost' is a soft dependency and not included in the pycaret installation. Please run: `pip install xgboost` to install.
Alternately, you can install this by running `pip install pycaret[models]`
2026-06-25 13:39:59,536:WARNING:
'catboost' is a soft dependency and not included in the pycaret installation. Please run: `pip install catboost` to install.
Alternately, you can install this by running `pip install pycaret[models]`
2026-06-25 13:39:59,571:WARNING:
'xgboost' is a soft dependency and not included in the pycaret installation. Please run: `pip install xgboost` to install.
Alternately, you can install this by running `pip install pycaret[models]`
2026-06-25 13:39:59,572:WARNING:
'catboost' is a soft dependency and not included in the pycaret installation. Please run: `pip install catboost` to install.
Alternately, you can install this by running `pip install pycaret[models]`
2026-06-25 13:39:59,606:WARNING:
'xgboost' is a soft dependency and not included in the pycaret installation. Please run: `pip install xgboost` to install.
Alternately, you can install this by running `pip install pycaret[models]`
2026-06-25 13:39:59,607:WARNING:
'catboost' is a soft dependency and not included in the pycaret installation. Please run: `pip install catboost` to install.
Alternately, you can install this by running `pip install pycaret[models]`
2026-06-25 13:39:59,641:WARNING:
'xgboost' is a soft dependency and not included in the pycaret installation. Please run: `pip install xgboost` to install.
Alternately, you can install this by running `pip install pycaret[models]`
2026-06-25 13:39:59,641:WARNING:
'catboost' is a soft dependency and not included in the pycaret installation. Please run: `pip install catboost` to install.
Alternately, you can install this by running `pip install pycaret[models]`
2026-06-25 13:39:59,720:WARNING:
'xgboost' is a soft dependency and not included in the pycaret installation. Please run: `pip install xgboost` to install.
Alternately, you can install this by running `pip install pycaret[models]`
2026-06-25 13:39:59,722:WARNING:
'catboost' is a soft dependency and not included in the pycaret installation. Please run: `pip install catboost` to install.
Alternately, you can install this by running `pip install pycaret[models]`
2026-06-25 13:39:59,756:WARNING:
'xgboost' is a soft dependency and not included in the pycaret installation. Please run: `pip install xgboost` to install.
Alternately, you can install this by running `pip install pycaret[models]`
2026-06-25 13:39:59,757:WARNING:
'catboost' is a soft dependency and not included in the pycaret installation. Please run: `pip install catboost` to install.
Alternately, you can install this by running `pip install pycaret[models]`
2026-06-25 13:41:09,427:WARNING:
'cuml' is a soft dependency and not included in the pycaret installation. Please run: `pip install cuml` to install.
2026-06-25 13:41:09,428:WARNING:
'cuml' is a soft dependency and not included in the pycaret installation. Please run: `pip install cuml` to install.
2026-06-25 13:41:09,429:WARNING:
'cuml' is a soft dependency and not included in the pycaret installation. Please run: `pip install cuml` to install.
2026-06-25 13:41:09,429:WARNING:
'cuml' is a soft dependency and not included in the pycaret installation. Please run: `pip install cuml` to install.
2026-06-25 13:41:12,470:WARNING:C:\Users\mmiik\miniconda3\envs\wine\Lib\site-packages\_distutils_hack\__init__.py:30: UserWarning: Setuptools is replacing distutils. Support for replacing an already imported distutils is deprecated. In the future, this condition will fail. Register concerns at https://github.com/pypa/setuptools/issues/new?template=distutils-deprecation.yml
  warnings.warn(

2026-06-25 13:41:14,736:INFO:Soft dependency imported: xgboost: 3.2.0
2026-06-25 13:41:14,737:WARNING:
'catboost' is a soft dependency and not included in the pycaret installation. Please run: `pip install catboost` to install.
Alternately, you can install this by running `pip install pycaret[models]`
2026-06-25 13:41:14,771:INFO:Soft dependency imported: xgboost: 3.2.0
2026-06-25 13:41:14,773:WARNING:
'catboost' is a soft dependency and not included in the pycaret installation. Please run: `pip install catboost` to install.
Alternately, you can install this by running `pip install pycaret[models]`
2026-06-25 13:41:14,808:INFO:Soft dependency imported: xgboost: 3.2.0
2026-06-25 13:41:14,811:WARNING:
'catboost' is a soft dependency and not included in the pycaret installation. Please run: `pip install catboost` to install.
Alternately, you can install this by running `pip install pycaret[models]`
2026-06-25 13:41:14,844:INFO:Soft dependency imported: xgboost: 3.2.0
2026-06-25 13:41:14,847:WARNING:
'catboost' is a soft dependency and not included in the pycaret installation. Please run: `pip install catboost` to install.
Alternately, you can install this by running `pip install pycaret[models]`
2026-06-25 13:41:14,881:INFO:Soft dependency imported: xgboost: 3.2.0
2026-06-25 13:41:14,883:WARNING:
'catboost' is a soft dependency and not included in the pycaret installation. Please run: `pip install catboost` to install.
Alternately, you can install this by running `pip install pycaret[models]`
2026-06-25 13:41:14,917:INFO:Soft dependency imported: xgboost: 3.2.0
2026-06-25 13:41:14,919:WARNING:
'catboost' is a soft dependency and not included in the pycaret installation. Please run: `pip install catboost` to install.
Alternately, you can install this by running `pip install pycaret[models]`
2026-06-25 13:41:15,014:INFO:Soft dependency imported: xgboost: 3.2.0
2026-06-25 13:41:15,016:WARNING:
'catboost' is a soft dependency and not included in the pycaret installation. Please run: `pip install catboost` to install.
Alternately, you can install this by running `pip install pycaret[models]`
2026-06-25 13:41:15,051:INFO:Soft dependency imported: xgboost: 3.2.0
2026-06-25 13:41:15,053:WARNING:
'catboost' is a soft dependency and not included in the pycaret installation. Please run: `pip install catboost` to install.
Alternately, you can install this by running `pip install pycaret[models]`
2026-06-25 13:41:17,599:WARNING:C:\Users\mmiik\miniconda3\envs\wine\Lib\site-packages\_distutils_hack\__init__.py:30: UserWarning: Setuptools is replacing distutils. Support for replacing an already imported distutils is deprecated. In the future, this condition will fail. Register concerns at https://github.com/pypa/setuptools/issues/new?template=distutils-deprecation.yml
  warnings.warn(

2026-06-25 13:41:17,632:WARNING:C:\Users\mmiik\miniconda3\envs\wine\Lib\site-packages\_distutils_hack\__init__.py:30: UserWarning: Setuptools is replacing distutils. Support for replacing an already imported distutils is deprecated. In the future, this condition will fail. Register concerns at https://github.com/pypa/setuptools/issues/new?template=distutils-deprecation.yml
  warnings.warn(

2026-06-25 13:41:17,648:WARNING:C:\Users\mmiik\miniconda3\envs\wine\Lib\site-packages\_distutils_hack\__init__.py:30: UserWarning: Setuptools is replacing distutils. Support for replacing an already imported distutils is deprecated. In the future, this condition will fail. Register concerns at https://github.com/pypa/setuptools/issues/new?template=distutils-deprecation.yml
  warnings.warn(

2026-06-25 13:41:17,648:WARNING:C:\Users\mmiik\miniconda3\envs\wine\Lib\site-packages\_distutils_hack\__init__.py:30: UserWarning: Setuptools is replacing distutils. Support for replacing an already imported distutils is deprecated. In the future, this condition will fail. Register concerns at https://github.com/pypa/setuptools/issues/new?template=distutils-deprecation.yml
  warnings.warn(

2026-06-25 13:41:17,655:WARNING:C:\Users\mmiik\miniconda3\envs\wine\Lib\site-packages\_distutils_hack\__init__.py:30: UserWarning: Setuptools is replacing distutils. Support for replacing an already imported distutils is deprecated. In the future, this condition will fail. Register concerns at https://github.com/pypa/setuptools/issues/new?template=distutils-deprecation.yml
  warnings.warn(

2026-06-25 13:41:17,662:WARNING:C:\Users\mmiik\miniconda3\envs\wine\Lib\site-packages\_distutils_hack\__init__.py:30: UserWarning: Setuptools is replacing distutils. Support for replacing an already imported distutils is deprecated. In the future, this condition will fail. Register concerns at https://github.com/pypa/setuptools/issues/new?template=distutils-deprecation.yml
  warnings.warn(

2026-06-25 13:41:17,663:WARNING:C:\Users\mmiik\miniconda3\envs\wine\Lib\site-packages\_distutils_hack\__init__.py:30: UserWarning: Setuptools is replacing distutils. Support for replacing an already imported distutils is deprecated. In the future, this condition will fail. Register concerns at https://github.com/pypa/setuptools/issues/new?template=distutils-deprecation.yml
  warnings.warn(

2026-06-25 13:41:17,664:WARNING:C:\Users\mmiik\miniconda3\envs\wine\Lib\site-packages\_distutils_hack\__init__.py:30: UserWarning: Setuptools is replacing distutils. Support for replacing an already imported distutils is deprecated. In the future, this condition will fail. Register concerns at https://github.com/pypa/setuptools/issues/new?template=distutils-deprecation.yml
  warnings.warn(

2026-06-25 13:41:17,667:WARNING:C:\Users\mmiik\miniconda3\envs\wine\Lib\site-packages\_distutils_hack\__init__.py:30: UserWarning: Setuptools is replacing distutils. Support for replacing an already imported distutils is deprecated. In the future, this condition will fail. Register concerns at https://github.com/pypa/setuptools/issues/new?template=distutils-deprecation.yml
  warnings.warn(

2026-06-25 13:41:20,613:WARNING:C:\Users\mmiik\miniconda3\envs\wine\Lib\site-packages\_distutils_hack\__init__.py:30: UserWarning: Setuptools is replacing distutils. Support for replacing an already imported distutils is deprecated. In the future, this condition will fail. Register concerns at https://github.com/pypa/setuptools/issues/new?template=distutils-deprecation.yml
  warnings.warn(

2026-06-25 13:41:20,646:WARNING:C:\Users\mmiik\miniconda3\envs\wine\Lib\site-packages\_distutils_hack\__init__.py:30: UserWarning: Setuptools is replacing distutils. Support for replacing an already imported distutils is deprecated. In the future, this condition will fail. Register concerns at https://github.com/pypa/setuptools/issues/new?template=distutils-deprecation.yml
  warnings.warn(

2026-06-25 13:41:20,653:WARNING:C:\Users\mmiik\miniconda3\envs\wine\Lib\site-packages\_distutils_hack\__init__.py:30: UserWarning: Setuptools is replacing distutils. Support for replacing an already imported distutils is deprecated. In the future, this condition will fail. Register concerns at https://github.com/pypa/setuptools/issues/new?template=distutils-deprecation.yml
  warnings.warn(

2026-06-25 13:41:20,661:WARNING:C:\Users\mmiik\miniconda3\envs\wine\Lib\site-packages\_distutils_hack\__init__.py:30: UserWarning: Setuptools is replacing distutils. Support for replacing an already imported distutils is deprecated. In the future, this condition will fail. Register concerns at https://github.com/pypa/setuptools/issues/new?template=distutils-deprecation.yml
  warnings.warn(

2026-06-25 13:41:20,662:WARNING:C:\Users\mmiik\miniconda3\envs\wine\Lib\site-packages\_distutils_hack\__init__.py:30: UserWarning: Setuptools is replacing distutils. Support for replacing an already imported distutils is deprecated. In the future, this condition will fail. Register concerns at https://github.com/pypa/setuptools/issues/new?template=distutils-deprecation.yml
  warnings.warn(

2026-06-25 13:41:20,683:WARNING:C:\Users\mmiik\miniconda3\envs\wine\Lib\site-packages\_distutils_hack\__init__.py:30: UserWarning: Setuptools is replacing distutils. Support for replacing an already imported distutils is deprecated. In the future, this condition will fail. Register concerns at https://github.com/pypa/setuptools/issues/new?template=distutils-deprecation.yml
  warnings.warn(

2026-06-25 13:41:20,685:WARNING:C:\Users\mmiik\miniconda3\envs\wine\Lib\site-packages\_distutils_hack\__init__.py:30: UserWarning: Setuptools is replacing distutils. Support for replacing an already imported distutils is deprecated. In the future, this condition will fail. Register concerns at https://github.com/pypa/setuptools/issues/new?template=distutils-deprecation.yml
  warnings.warn(

2026-06-25 13:41:20,685:WARNING:C:\Users\mmiik\miniconda3\envs\wine\Lib\site-packages\_distutils_hack\__init__.py:30: UserWarning: Setuptools is replacing distutils. Support for replacing an already imported distutils is deprecated. In the future, this condition will fail. Register concerns at https://github.com/pypa/setuptools/issues/new?template=distutils-deprecation.yml
  warnings.warn(

2026-06-25 13:41:20,689:WARNING:C:\Users\mmiik\miniconda3\envs\wine\Lib\site-packages\_distutils_hack\__init__.py:30: UserWarning: Setuptools is replacing distutils. Support for replacing an already imported distutils is deprecated. In the future, this condition will fail. Register concerns at https://github.com/pypa/setuptools/issues/new?template=distutils-deprecation.yml
  warnings.warn(

2026-06-25 13:41:20,690:WARNING:C:\Users\mmiik\miniconda3\envs\wine\Lib\site-packages\_distutils_hack\__init__.py:30: UserWarning: Setuptools is replacing distutils. Support for replacing an already imported distutils is deprecated. In the future, this condition will fail. Register concerns at https://github.com/pypa/setuptools/issues/new?template=distutils-deprecation.yml
  warnings.warn(

2026-06-25 13:41:23,255:WARNING:C:\Users\mmiik\miniconda3\envs\wine\Lib\site-packages\pycaret\internal\pycaret_experiment\supervised_experiment.py:339: FutureWarning: Styler.applymap has been deprecated. Use Styler.map instead.
  .applymap(highlight_cols, subset=["TT (Sec)"])

2026-06-25 13:41:23,410:INFO:Soft dependency imported: optuna: 4.9.0
2026-06-25 13:41:23,620:WARNING:C:\Users\mmiik\miniconda3\envs\wine\Lib\site-packages\optuna\_experimental.py:33: ExperimentalWarning: Argument ``multivariate`` is an experimental feature. The interface can change in the future.
  optuna_warn(

2026-06-25 13:41:23,621:WARNING:C:\Users\mmiik\miniconda3\envs\wine\Lib\site-packages\optuna\_experimental.py:33: ExperimentalWarning: Argument ``constant_liar`` is an experimental feature. The interface can change in the future.
  optuna_warn(

2026-06-25 13:41:23,622:WARNING:C:\Users\mmiik\miniconda3\envs\wine\Lib\site-packages\optuna\distributions.py:502: UserWarning: Choices for a categorical distribution should be a tuple of None, bool, int, float and str for persistent storage but contains {} which is of type dict.
  optuna_warn(message)

2026-06-25 13:46:02,529:WARNING:
'cuml' is a soft dependency and not included in the pycaret installation. Please run: `pip install cuml` to install.
2026-06-25 13:46:02,533:WARNING:
'cuml' is a soft dependency and not included in the pycaret installation. Please run: `pip install cuml` to install.
2026-06-25 13:46:02,534:WARNING:
'cuml' is a soft dependency and not included in the pycaret installation. Please run: `pip install cuml` to install.
2026-06-25 13:46:02,535:WARNING:
'cuml' is a soft dependency and not included in the pycaret installation. Please run: `pip install cuml` to install.
2026-06-25 13:46:05,294:WARNING:C:\Users\mmiik\miniconda3\envs\wine\Lib\site-packages\_distutils_hack\__init__.py:30: UserWarning: Setuptools is replacing distutils. Support for replacing an already imported distutils is deprecated. In the future, this condition will fail. Register concerns at https://github.com/pypa/setuptools/issues/new?template=distutils-deprecation.yml
  warnings.warn(

2026-06-25 13:46:07,322:INFO:Soft dependency imported: xgboost: 3.2.0
2026-06-25 13:46:07,324:WARNING:
'catboost' is a soft dependency and not included in the pycaret installation. Please run: `pip install catboost` to install.
Alternately, you can install this by running `pip install pycaret[models]`
2026-06-25 13:46:07,358:INFO:Soft dependency imported: xgboost: 3.2.0
2026-06-25 13:46:07,360:WARNING:
'catboost' is a soft dependency and not included in the pycaret installation. Please run: `pip install catboost` to install.
Alternately, you can install this by running `pip install pycaret[models]`
2026-06-25 13:46:07,394:INFO:Soft dependency imported: xgboost: 3.2.0
2026-06-25 13:46:07,396:WARNING:
'catboost' is a soft dependency and not included in the pycaret installation. Please run: `pip install catboost` to install.
Alternately, you can install this by running `pip install pycaret[models]`
2026-06-25 13:46:07,430:INFO:Soft dependency imported: xgboost: 3.2.0
2026-06-25 13:46:07,432:WARNING:
'catboost' is a soft dependency and not included in the pycaret installation. Please run: `pip install catboost` to install.
Alternately, you can install this by running `pip install pycaret[models]`
2026-06-25 13:46:07,466:INFO:Soft dependency imported: xgboost: 3.2.0
2026-06-25 13:46:07,467:WARNING:
'catboost' is a soft dependency and not included in the pycaret installation. Please run: `pip install catboost` to install.
Alternately, you can install this by running `pip install pycaret[models]`
2026-06-25 13:46:07,503:INFO:Soft dependency imported: xgboost: 3.2.0
2026-06-25 13:46:07,504:WARNING:
'catboost' is a soft dependency and not included in the pycaret installation. Please run: `pip install catboost` to install.
Alternately, you can install this by running `pip install pycaret[models]`
2026-06-25 13:46:07,585:INFO:Soft dependency imported: xgboost: 3.2.0
2026-06-25 13:46:07,587:WARNING:
'catboost' is a soft dependency and not included in the pycaret installation. Please run: `pip install catboost` to install.
Alternately, you can install this by running `pip install pycaret[models]`
2026-06-25 13:46:07,620:INFO:Soft dependency imported: xgboost: 3.2.0
2026-06-25 13:46:07,623:WARNING:
'catboost' is a soft dependency and not included in the pycaret installation. Please run: `pip install catboost` to install.
Alternately, you can install this by running `pip install pycaret[models]`
2026-06-25 13:46:09,984:WARNING:C:\Users\mmiik\miniconda3\envs\wine\Lib\site-packages\_distutils_hack\__init__.py:30: UserWarning: Setuptools is replacing distutils. Support for replacing an already imported distutils is deprecated. In the future, this condition will fail. Register concerns at https://github.com/pypa/setuptools/issues/new?template=distutils-deprecation.yml
  warnings.warn(

2026-06-25 13:46:09,988:WARNING:C:\Users\mmiik\miniconda3\envs\wine\Lib\site-packages\_distutils_hack\__init__.py:30: UserWarning: Setuptools is replacing distutils. Support for replacing an already imported distutils is deprecated. In the future, this condition will fail. Register concerns at https://github.com/pypa/setuptools/issues/new?template=distutils-deprecation.yml
  warnings.warn(

2026-06-25 13:46:10,018:WARNING:C:\Users\mmiik\miniconda3\envs\wine\Lib\site-packages\_distutils_hack\__init__.py:30: UserWarning: Setuptools is replacing distutils. Support for replacing an already imported distutils is deprecated. In the future, this condition will fail. Register concerns at https://github.com/pypa/setuptools/issues/new?template=distutils-deprecation.yml
  warnings.warn(

2026-06-25 13:46:10,033:WARNING:C:\Users\mmiik\miniconda3\envs\wine\Lib\site-packages\_distutils_hack\__init__.py:30: UserWarning: Setuptools is replacing distutils. Support for replacing an already imported distutils is deprecated. In the future, this condition will fail. Register concerns at https://github.com/pypa/setuptools/issues/new?template=distutils-deprecation.yml
  warnings.warn(

2026-06-25 13:46:10,038:WARNING:C:\Users\mmiik\miniconda3\envs\wine\Lib\site-packages\_distutils_hack\__init__.py:30: UserWarning: Setuptools is replacing distutils. Support for replacing an already imported distutils is deprecated. In the future, this condition will fail. Register concerns at https://github.com/pypa/setuptools/issues/new?template=distutils-deprecation.yml
  warnings.warn(

2026-06-25 13:46:10,045:WARNING:C:\Users\mmiik\miniconda3\envs\wine\Lib\site-packages\_distutils_hack\__init__.py:30: UserWarning: Setuptools is replacing distutils. Support for replacing an already imported distutils is deprecated. In the future, this condition will fail. Register concerns at https://github.com/pypa/setuptools/issues/new?template=distutils-deprecation.yml
  warnings.warn(

2026-06-25 13:46:10,054:WARNING:C:\Users\mmiik\miniconda3\envs\wine\Lib\site-packages\_distutils_hack\__init__.py:30: UserWarning: Setuptools is replacing distutils. Support for replacing an already imported distutils is deprecated. In the future, this condition will fail. Register concerns at https://github.com/pypa/setuptools/issues/new?template=distutils-deprecation.yml
  warnings.warn(

2026-06-25 13:46:10,055:WARNING:C:\Users\mmiik\miniconda3\envs\wine\Lib\site-packages\_distutils_hack\__init__.py:30: UserWarning: Setuptools is replacing distutils. Support for replacing an already imported distutils is deprecated. In the future, this condition will fail. Register concerns at https://github.com/pypa/setuptools/issues/new?template=distutils-deprecation.yml
  warnings.warn(

2026-06-25 13:46:10,059:WARNING:C:\Users\mmiik\miniconda3\envs\wine\Lib\site-packages\_distutils_hack\__init__.py:30: UserWarning: Setuptools is replacing distutils. Support for replacing an already imported distutils is deprecated. In the future, this condition will fail. Register concerns at https://github.com/pypa/setuptools/issues/new?template=distutils-deprecation.yml
  warnings.warn(

2026-06-25 13:46:10,063:WARNING:C:\Users\mmiik\miniconda3\envs\wine\Lib\site-packages\_distutils_hack\__init__.py:30: UserWarning: Setuptools is replacing distutils. Support for replacing an already imported distutils is deprecated. In the future, this condition will fail. Register concerns at https://github.com/pypa/setuptools/issues/new?template=distutils-deprecation.yml
  warnings.warn(

2026-06-25 13:46:12,806:WARNING:C:\Users\mmiik\miniconda3\envs\wine\Lib\site-packages\_distutils_hack\__init__.py:30: UserWarning: Setuptools is replacing distutils. Support for replacing an already imported distutils is deprecated. In the future, this condition will fail. Register concerns at https://github.com/pypa/setuptools/issues/new?template=distutils-deprecation.yml
  warnings.warn(

2026-06-25 13:46:12,902:WARNING:C:\Users\mmiik\miniconda3\envs\wine\Lib\site-packages\_distutils_hack\__init__.py:30: UserWarning: Setuptools is replacing distutils. Support for replacing an already imported distutils is deprecated. In the future, this condition will fail. Register concerns at https://github.com/pypa/setuptools/issues/new?template=distutils-deprecation.yml
  warnings.warn(

2026-06-25 13:46:12,906:WARNING:C:\Users\mmiik\miniconda3\envs\wine\Lib\site-packages\_distutils_hack\__init__.py:30: UserWarning: Setuptools is replacing distutils. Support for replacing an already imported distutils is deprecated. In the future, this condition will fail. Register concerns at https://github.com/pypa/setuptools/issues/new?template=distutils-deprecation.yml
  warnings.warn(

2026-06-25 13:46:12,917:WARNING:C:\Users\mmiik\miniconda3\envs\wine\Lib\site-packages\_distutils_hack\__init__.py:30: UserWarning: Setuptools is replacing distutils. Support for replacing an already imported distutils is deprecated. In the future, this condition will fail. Register concerns at https://github.com/pypa/setuptools/issues/new?template=distutils-deprecation.yml
  warnings.warn(

2026-06-25 13:46:12,933:WARNING:C:\Users\mmiik\miniconda3\envs\wine\Lib\site-packages\_distutils_hack\__init__.py:30: UserWarning: Setuptools is replacing distutils. Support for replacing an already imported distutils is deprecated. In the future, this condition will fail. Register concerns at https://github.com/pypa/setuptools/issues/new?template=distutils-deprecation.yml
  warnings.warn(

2026-06-25 13:46:12,935:WARNING:C:\Users\mmiik\miniconda3\envs\wine\Lib\site-packages\_distutils_hack\__init__.py:30: UserWarning: Setuptools is replacing distutils. Support for replacing an already imported distutils is deprecated. In the future, this condition will fail. Register concerns at https://github.com/pypa/setuptools/issues/new?template=distutils-deprecation.yml
  warnings.warn(

2026-06-25 13:46:12,939:WARNING:C:\Users\mmiik\miniconda3\envs\wine\Lib\site-packages\_distutils_hack\__init__.py:30: UserWarning: Setuptools is replacing distutils. Support for replacing an already imported distutils is deprecated. In the future, this condition will fail. Register concerns at https://github.com/pypa/setuptools/issues/new?template=distutils-deprecation.yml
  warnings.warn(

2026-06-25 13:46:12,941:WARNING:C:\Users\mmiik\miniconda3\envs\wine\Lib\site-packages\_distutils_hack\__init__.py:30: UserWarning: Setuptools is replacing distutils. Support for replacing an already imported distutils is deprecated. In the future, this condition will fail. Register concerns at https://github.com/pypa/setuptools/issues/new?template=distutils-deprecation.yml
  warnings.warn(

2026-06-25 13:46:12,948:WARNING:C:\Users\mmiik\miniconda3\envs\wine\Lib\site-packages\_distutils_hack\__init__.py:30: UserWarning: Setuptools is replacing distutils. Support for replacing an already imported distutils is deprecated. In the future, this condition will fail. Register concerns at https://github.com/pypa/setuptools/issues/new?template=distutils-deprecation.yml
  warnings.warn(

2026-06-25 13:46:12,948:WARNING:C:\Users\mmiik\miniconda3\envs\wine\Lib\site-packages\_distutils_hack\__init__.py:30: UserWarning: Setuptools is replacing distutils. Support for replacing an already imported distutils is deprecated. In the future, this condition will fail. Register concerns at https://github.com/pypa/setuptools/issues/new?template=distutils-deprecation.yml
  warnings.warn(

2026-06-25 13:46:15,512:WARNING:C:\Users\mmiik\miniconda3\envs\wine\Lib\site-packages\pycaret\internal\pycaret_experiment\supervised_experiment.py:339: FutureWarning: Styler.applymap has been deprecated. Use Styler.map instead.
  .applymap(highlight_cols, subset=["TT (Sec)"])

2026-06-25 13:46:15,669:INFO:Soft dependency imported: optuna: 4.9.0
2026-06-25 13:46:15,865:WARNING:C:\Users\mmiik\miniconda3\envs\wine\Lib\site-packages\optuna\_experimental.py:33: ExperimentalWarning: Argument ``multivariate`` is an experimental feature. The interface can change in the future.
  optuna_warn(

2026-06-25 13:46:15,865:WARNING:C:\Users\mmiik\miniconda3\envs\wine\Lib\site-packages\optuna\_experimental.py:33: ExperimentalWarning: Argument ``constant_liar`` is an experimental feature. The interface can change in the future.
  optuna_warn(

2026-06-25 13:46:15,866:WARNING:C:\Users\mmiik\miniconda3\envs\wine\Lib\site-packages\optuna\distributions.py:502: UserWarning: Choices for a categorical distribution should be a tuple of None, bool, int, float and str for persistent storage but contains {} which is of type dict.
  optuna_warn(message)

2026-06-25 13:47:33,779:WARNING:
'cuml' is a soft dependency and not included in the pycaret installation. Please run: `pip install cuml` to install.
2026-06-25 13:47:33,780:WARNING:
'cuml' is a soft dependency and not included in the pycaret installation. Please run: `pip install cuml` to install.
2026-06-25 13:47:33,781:WARNING:
'cuml' is a soft dependency and not included in the pycaret installation. Please run: `pip install cuml` to install.
2026-06-25 13:47:33,781:WARNING:
'cuml' is a soft dependency and not included in the pycaret installation. Please run: `pip install cuml` to install.
2026-06-25 13:47:36,712:WARNING:C:\Users\mmiik\miniconda3\envs\wine\Lib\site-packages\_distutils_hack\__init__.py:30: UserWarning: Setuptools is replacing distutils. Support for replacing an already imported distutils is deprecated. In the future, this condition will fail. Register concerns at https://github.com/pypa/setuptools/issues/new?template=distutils-deprecation.yml
  warnings.warn(

2026-06-25 13:47:38,756:INFO:Soft dependency imported: xgboost: 3.2.0
2026-06-25 13:47:38,758:WARNING:
'catboost' is a soft dependency and not included in the pycaret installation. Please run: `pip install catboost` to install.
Alternately, you can install this by running `pip install pycaret[models]`
2026-06-25 13:47:38,794:INFO:Soft dependency imported: xgboost: 3.2.0
2026-06-25 13:47:38,796:WARNING:
'catboost' is a soft dependency and not included in the pycaret installation. Please run: `pip install catboost` to install.
Alternately, you can install this by running `pip install pycaret[models]`
2026-06-25 13:47:38,837:INFO:Soft dependency imported: xgboost: 3.2.0
2026-06-25 13:47:38,839:WARNING:
'catboost' is a soft dependency and not included in the pycaret installation. Please run: `pip install catboost` to install.
Alternately, you can install this by running `pip install pycaret[models]`
2026-06-25 13:47:38,875:INFO:Soft dependency imported: xgboost: 3.2.0
2026-06-25 13:47:38,877:WARNING:
'catboost' is a soft dependency and not included in the pycaret installation. Please run: `pip install catboost` to install.
Alternately, you can install this by running `pip install pycaret[models]`
2026-06-25 13:47:38,913:INFO:Soft dependency imported: xgboost: 3.2.0
2026-06-25 13:47:38,917:WARNING:
'catboost' is a soft dependency and not included in the pycaret installation. Please run: `pip install catboost` to install.
Alternately, you can install this by running `pip install pycaret[models]`
2026-06-25 13:47:38,954:INFO:Soft dependency imported: xgboost: 3.2.0
2026-06-25 13:47:38,956:WARNING:
'catboost' is a soft dependency and not included in the pycaret installation. Please run: `pip install catboost` to install.
Alternately, you can install this by running `pip install pycaret[models]`
2026-06-25 13:47:39,039:INFO:Soft dependency imported: xgboost: 3.2.0
2026-06-25 13:47:39,040:WARNING:
'catboost' is a soft dependency and not included in the pycaret installation. Please run: `pip install catboost` to install.
Alternately, you can install this by running `pip install pycaret[models]`
2026-06-25 13:47:39,076:INFO:Soft dependency imported: xgboost: 3.2.0
2026-06-25 13:47:39,078:WARNING:
'catboost' is a soft dependency and not included in the pycaret installation. Please run: `pip install catboost` to install.
Alternately, you can install this by running `pip install pycaret[models]`
2026-06-25 13:47:42,265:WARNING:C:\Users\mmiik\miniconda3\envs\wine\Lib\site-packages\_distutils_hack\__init__.py:30: UserWarning: Setuptools is replacing distutils. Support for replacing an already imported distutils is deprecated. In the future, this condition will fail. Register concerns at https://github.com/pypa/setuptools/issues/new?template=distutils-deprecation.yml
  warnings.warn(

2026-06-25 13:47:42,268:WARNING:C:\Users\mmiik\miniconda3\envs\wine\Lib\site-packages\_distutils_hack\__init__.py:30: UserWarning: Setuptools is replacing distutils. Support for replacing an already imported distutils is deprecated. In the future, this condition will fail. Register concerns at https://github.com/pypa/setuptools/issues/new?template=distutils-deprecation.yml
  warnings.warn(

2026-06-25 13:47:42,304:WARNING:C:\Users\mmiik\miniconda3\envs\wine\Lib\site-packages\_distutils_hack\__init__.py:30: UserWarning: Setuptools is replacing distutils. Support for replacing an already imported distutils is deprecated. In the future, this condition will fail. Register concerns at https://github.com/pypa/setuptools/issues/new?template=distutils-deprecation.yml
  warnings.warn(

2026-06-25 13:47:42,321:WARNING:C:\Users\mmiik\miniconda3\envs\wine\Lib\site-packages\_distutils_hack\__init__.py:30: UserWarning: Setuptools is replacing distutils. Support for replacing an already imported distutils is deprecated. In the future, this condition will fail. Register concerns at https://github.com/pypa/setuptools/issues/new?template=distutils-deprecation.yml
  warnings.warn(

2026-06-25 13:47:42,336:WARNING:C:\Users\mmiik\miniconda3\envs\wine\Lib\site-packages\_distutils_hack\__init__.py:30: UserWarning: Setuptools is replacing distutils. Support for replacing an already imported distutils is deprecated. In the future, this condition will fail. Register concerns at https://github.com/pypa/setuptools/issues/new?template=distutils-deprecation.yml
  warnings.warn(

2026-06-25 13:47:42,363:WARNING:C:\Users\mmiik\miniconda3\envs\wine\Lib\site-packages\_distutils_hack\__init__.py:30: UserWarning: Setuptools is replacing distutils. Support for replacing an already imported distutils is deprecated. In the future, this condition will fail. Register concerns at https://github.com/pypa/setuptools/issues/new?template=distutils-deprecation.yml
  warnings.warn(

2026-06-25 13:47:42,364:WARNING:C:\Users\mmiik\miniconda3\envs\wine\Lib\site-packages\_distutils_hack\__init__.py:30: UserWarning: Setuptools is replacing distutils. Support for replacing an already imported distutils is deprecated. In the future, this condition will fail. Register concerns at https://github.com/pypa/setuptools/issues/new?template=distutils-deprecation.yml
  warnings.warn(

2026-06-25 13:47:42,367:WARNING:C:\Users\mmiik\miniconda3\envs\wine\Lib\site-packages\_distutils_hack\__init__.py:30: UserWarning: Setuptools is replacing distutils. Support for replacing an already imported distutils is deprecated. In the future, this condition will fail. Register concerns at https://github.com/pypa/setuptools/issues/new?template=distutils-deprecation.yml
  warnings.warn(

2026-06-25 13:47:42,368:WARNING:C:\Users\mmiik\miniconda3\envs\wine\Lib\site-packages\_distutils_hack\__init__.py:30: UserWarning: Setuptools is replacing distutils. Support for replacing an already imported distutils is deprecated. In the future, this condition will fail. Register concerns at https://github.com/pypa/setuptools/issues/new?template=distutils-deprecation.yml
  warnings.warn(

2026-06-25 13:47:42,372:WARNING:C:\Users\mmiik\miniconda3\envs\wine\Lib\site-packages\_distutils_hack\__init__.py:30: UserWarning: Setuptools is replacing distutils. Support for replacing an already imported distutils is deprecated. In the future, this condition will fail. Register concerns at https://github.com/pypa/setuptools/issues/new?template=distutils-deprecation.yml
  warnings.warn(

2026-06-25 13:47:45,645:WARNING:C:\Users\mmiik\miniconda3\envs\wine\Lib\site-packages\_distutils_hack\__init__.py:30: UserWarning: Setuptools is replacing distutils. Support for replacing an already imported distutils is deprecated. In the future, this condition will fail. Register concerns at https://github.com/pypa/setuptools/issues/new?template=distutils-deprecation.yml
  warnings.warn(

2026-06-25 13:47:45,649:WARNING:C:\Users\mmiik\miniconda3\envs\wine\Lib\site-packages\_distutils_hack\__init__.py:30: UserWarning: Setuptools is replacing distutils. Support for replacing an already imported distutils is deprecated. In the future, this condition will fail. Register concerns at https://github.com/pypa/setuptools/issues/new?template=distutils-deprecation.yml
  warnings.warn(

2026-06-25 13:47:45,653:WARNING:C:\Users\mmiik\miniconda3\envs\wine\Lib\site-packages\_distutils_hack\__init__.py:30: UserWarning: Setuptools is replacing distutils. Support for replacing an already imported distutils is deprecated. In the future, this condition will fail. Register concerns at https://github.com/pypa/setuptools/issues/new?template=distutils-deprecation.yml
  warnings.warn(

2026-06-25 13:47:45,657:WARNING:C:\Users\mmiik\miniconda3\envs\wine\Lib\site-packages\_distutils_hack\__init__.py:30: UserWarning: Setuptools is replacing distutils. Support for replacing an already imported distutils is deprecated. In the future, this condition will fail. Register concerns at https://github.com/pypa/setuptools/issues/new?template=distutils-deprecation.yml
  warnings.warn(

2026-06-25 13:47:45,670:WARNING:C:\Users\mmiik\miniconda3\envs\wine\Lib\site-packages\_distutils_hack\__init__.py:30: UserWarning: Setuptools is replacing distutils. Support for replacing an already imported distutils is deprecated. In the future, this condition will fail. Register concerns at https://github.com/pypa/setuptools/issues/new?template=distutils-deprecation.yml
  warnings.warn(

2026-06-25 13:47:45,670:WARNING:C:\Users\mmiik\miniconda3\envs\wine\Lib\site-packages\_distutils_hack\__init__.py:30: UserWarning: Setuptools is replacing distutils. Support for replacing an already imported distutils is deprecated. In the future, this condition will fail. Register concerns at https://github.com/pypa/setuptools/issues/new?template=distutils-deprecation.yml
  warnings.warn(

2026-06-25 13:47:45,674:WARNING:C:\Users\mmiik\miniconda3\envs\wine\Lib\site-packages\_distutils_hack\__init__.py:30: UserWarning: Setuptools is replacing distutils. Support for replacing an already imported distutils is deprecated. In the future, this condition will fail. Register concerns at https://github.com/pypa/setuptools/issues/new?template=distutils-deprecation.yml
  warnings.warn(

2026-06-25 13:47:45,678:WARNING:C:\Users\mmiik\miniconda3\envs\wine\Lib\site-packages\_distutils_hack\__init__.py:30: UserWarning: Setuptools is replacing distutils. Support for replacing an already imported distutils is deprecated. In the future, this condition will fail. Register concerns at https://github.com/pypa/setuptools/issues/new?template=distutils-deprecation.yml
  warnings.warn(

2026-06-25 13:47:45,680:WARNING:C:\Users\mmiik\miniconda3\envs\wine\Lib\site-packages\_distutils_hack\__init__.py:30: UserWarning: Setuptools is replacing distutils. Support for replacing an already imported distutils is deprecated. In the future, this condition will fail. Register concerns at https://github.com/pypa/setuptools/issues/new?template=distutils-deprecation.yml
  warnings.warn(

2026-06-25 13:47:50,654:WARNING:C:\Users\mmiik\miniconda3\envs\wine\Lib\site-packages\pycaret\internal\pycaret_experiment\supervised_experiment.py:339: FutureWarning: Styler.applymap has been deprecated. Use Styler.map instead.
  .applymap(highlight_cols, subset=["TT (Sec)"])

2026-06-25 13:47:50,811:INFO:Soft dependency imported: optuna: 4.9.0
2026-06-25 13:47:51,009:WARNING:C:\Users\mmiik\miniconda3\envs\wine\Lib\site-packages\optuna\_experimental.py:33: ExperimentalWarning: Argument ``multivariate`` is an experimental feature. The interface can change in the future.
  optuna_warn(

2026-06-25 13:47:51,010:WARNING:C:\Users\mmiik\miniconda3\envs\wine\Lib\site-packages\optuna\_experimental.py:33: ExperimentalWarning: Argument ``constant_liar`` is an experimental feature. The interface can change in the future.
  optuna_warn(

2026-06-25 13:47:51,011:WARNING:C:\Users\mmiik\miniconda3\envs\wine\Lib\site-packages\optuna\distributions.py:502: UserWarning: Choices for a categorical distribution should be a tuple of None, bool, int, float and str for persistent storage but contains {} which is of type dict.
  optuna_warn(message)

2026-06-25 13:47:51,020:WARNING:C:\Users\mmiik\miniconda3\envs\wine\Lib\site-packages\optuna\integration\sklearn.py:14: FutureWarning: `optuna.integration.sklearn` has been deprecated in v4.9.0. This feature will be removed in v6.0.0. See https://github.com/optuna/optuna/releases/tag/v4.9.0. Use `optuna_integration.sklearn` instead.
  optuna_warn(f"{msg} Use `optuna_integration.sklearn` instead.", FutureWarning)

2026-06-25 13:47:51,021:WARNING:C:\Users\mmiik\miniconda3\envs\wine\Lib\site-packages\pycaret\internal\pycaret_experiment\supervised_experiment.py:2458: ExperimentalWarning: OptunaSearchCV is experimental (supported from v0.17.0). The interface can change in the future.
  model_grid = optuna.integration.OptunaSearchCV(  # type: ignore

2026-06-25 13:47:52,003:WARNING:C:\Users\mmiik\miniconda3\envs\wine\Lib\site-packages\optuna\terminator\erroreval.py:113: FutureWarning: `optuna.terminator` module has been deprecated in v4.9.0. This feature will be removed in v6.0.0. See https://github.com/optuna/optuna/releases/tag/v4.9.0.
  optuna_warn(_DEPRECATION_WARNING_MESSAGE, FutureWarning)

2026-06-25 13:47:52,118:WARNING:C:\Users\mmiik\miniconda3\envs\wine\Lib\site-packages\optuna\terminator\erroreval.py:113: FutureWarning: `optuna.terminator` module has been deprecated in v4.9.0. This feature will be removed in v6.0.0. See https://github.com/optuna/optuna/releases/tag/v4.9.0.
  optuna_warn(_DEPRECATION_WARNING_MESSAGE, FutureWarning)

2026-06-25 13:47:52,119:WARNING:C:\Users\mmiik\miniconda3\envs\wine\Lib\site-packages\optuna\terminator\erroreval.py:113: FutureWarning: `optuna.terminator` module has been deprecated in v4.9.0. This feature will be removed in v6.0.0. See https://github.com/optuna/optuna/releases/tag/v4.9.0.
  optuna_warn(_DEPRECATION_WARNING_MESSAGE, FutureWarning)

2026-06-25 13:47:52,132:WARNING:C:\Users\mmiik\miniconda3\envs\wine\Lib\site-packages\optuna\terminator\erroreval.py:113: FutureWarning: `optuna.terminator` module has been deprecated in v4.9.0. This feature will be removed in v6.0.0. See https://github.com/optuna/optuna/releases/tag/v4.9.0.
  optuna_warn(_DEPRECATION_WARNING_MESSAGE, FutureWarning)

2026-06-25 13:47:52,144:WARNING:C:\Users\mmiik\miniconda3\envs\wine\Lib\site-packages\optuna\terminator\erroreval.py:113: FutureWarning: `optuna.terminator` module has been deprecated in v4.9.0. This feature will be removed in v6.0.0. See https://github.com/optuna/optuna/releases/tag/v4.9.0.
  optuna_warn(_DEPRECATION_WARNING_MESSAGE, FutureWarning)

2026-06-25 13:47:52,150:WARNING:C:\Users\mmiik\miniconda3\envs\wine\Lib\site-packages\optuna\terminator\erroreval.py:113: FutureWarning: `optuna.terminator` module has been deprecated in v4.9.0. This feature will be removed in v6.0.0. See https://github.com/optuna/optuna/releases/tag/v4.9.0.
  optuna_warn(_DEPRECATION_WARNING_MESSAGE, FutureWarning)

2026-06-25 13:47:52,157:WARNING:C:\Users\mmiik\miniconda3\envs\wine\Lib\site-packages\optuna\terminator\erroreval.py:113: FutureWarning: `optuna.terminator` module has been deprecated in v4.9.0. This feature will be removed in v6.0.0. See https://github.com/optuna/optuna/releases/tag/v4.9.0.
  optuna_warn(_DEPRECATION_WARNING_MESSAGE, FutureWarning)

2026-06-25 13:47:52,160:WARNING:C:\Users\mmiik\miniconda3\envs\wine\Lib\site-packages\optuna\terminator\erroreval.py:113: FutureWarning: `optuna.terminator` module has been deprecated in v4.9.0. This feature will be removed in v6.0.0. See https://github.com/optuna/optuna/releases/tag/v4.9.0.
  optuna_warn(_DEPRECATION_WARNING_MESSAGE, FutureWarning)

2026-06-25 13:47:52,165:WARNING:C:\Users\mmiik\miniconda3\envs\wine\Lib\site-packages\optuna\terminator\erroreval.py:113: FutureWarning: `optuna.terminator` module has been deprecated in v4.9.0. This feature will be removed in v6.0.0. See https://github.com/optuna/optuna/releases/tag/v4.9.0.
  optuna_warn(_DEPRECATION_WARNING_MESSAGE, FutureWarning)

2026-06-25 13:47:52,169:WARNING:C:\Users\mmiik\miniconda3\envs\wine\Lib\site-packages\optuna\terminator\erroreval.py:113: FutureWarning: `optuna.terminator` module has been deprecated in v4.9.0. This feature will be removed in v6.0.0. See https://github.com/optuna/optuna/releases/tag/v4.9.0.
  optuna_warn(_DEPRECATION_WARNING_MESSAGE, FutureWarning)

2026-06-25 13:58:02,630:WARNING:
'cuml' is a soft dependency and not included in the pycaret installation. Please run: `pip install cuml` to install.
2026-06-25 13:58:02,632:WARNING:
'cuml' is a soft dependency and not included in the pycaret installation. Please run: `pip install cuml` to install.
2026-06-25 13:58:02,633:WARNING:
'cuml' is a soft dependency and not included in the pycaret installation. Please run: `pip install cuml` to install.
2026-06-25 13:58:02,633:WARNING:
'cuml' is a soft dependency and not included in the pycaret installation. Please run: `pip install cuml` to install.
2026-06-25 13:58:04,764:WARNING:C:\Users\mmiik\miniconda3\envs\wine\Lib\site-packages\_distutils_hack\__init__.py:30: UserWarning: Setuptools is replacing distutils. Support for replacing an already imported distutils is deprecated. In the future, this condition will fail. Register concerns at https://github.com/pypa/setuptools/issues/new?template=distutils-deprecation.yml
  warnings.warn(

2026-06-25 13:58:06,873:INFO:Soft dependency imported: xgboost: 3.2.0
2026-06-25 13:58:06,876:WARNING:
'catboost' is a soft dependency and not included in the pycaret installation. Please run: `pip install catboost` to install.
Alternately, you can install this by running `pip install pycaret[models]`
2026-06-25 13:58:06,909:INFO:Soft dependency imported: xgboost: 3.2.0
2026-06-25 13:58:06,911:WARNING:
'catboost' is a soft dependency and not included in the pycaret installation. Please run: `pip install catboost` to install.
Alternately, you can install this by running `pip install pycaret[models]`
2026-06-25 13:58:06,946:INFO:Soft dependency imported: xgboost: 3.2.0
2026-06-25 13:58:06,948:WARNING:
'catboost' is a soft dependency and not included in the pycaret installation. Please run: `pip install catboost` to install.
Alternately, you can install this by running `pip install pycaret[models]`
2026-06-25 13:58:06,982:INFO:Soft dependency imported: xgboost: 3.2.0
2026-06-25 13:58:06,984:WARNING:
'catboost' is a soft dependency and not included in the pycaret installation. Please run: `pip install catboost` to install.
Alternately, you can install this by running `pip install pycaret[models]`
2026-06-25 13:58:07,017:INFO:Soft dependency imported: xgboost: 3.2.0
2026-06-25 13:58:07,019:WARNING:
'catboost' is a soft dependency and not included in the pycaret installation. Please run: `pip install catboost` to install.
Alternately, you can install this by running `pip install pycaret[models]`
2026-06-25 13:58:07,053:INFO:Soft dependency imported: xgboost: 3.2.0
2026-06-25 13:58:07,055:WARNING:
'catboost' is a soft dependency and not included in the pycaret installation. Please run: `pip install catboost` to install.
Alternately, you can install this by running `pip install pycaret[models]`
2026-06-25 13:58:07,137:INFO:Soft dependency imported: xgboost: 3.2.0
2026-06-25 13:58:07,140:WARNING:
'catboost' is a soft dependency and not included in the pycaret installation. Please run: `pip install catboost` to install.
Alternately, you can install this by running `pip install pycaret[models]`
2026-06-25 13:58:07,173:INFO:Soft dependency imported: xgboost: 3.2.0
2026-06-25 13:58:07,175:WARNING:
'catboost' is a soft dependency and not included in the pycaret installation. Please run: `pip install catboost` to install.
Alternately, you can install this by running `pip install pycaret[models]`
2026-06-25 13:58:09,646:WARNING:C:\Users\mmiik\miniconda3\envs\wine\Lib\site-packages\_distutils_hack\__init__.py:30: UserWarning: Setuptools is replacing distutils. Support for replacing an already imported distutils is deprecated. In the future, this condition will fail. Register concerns at https://github.com/pypa/setuptools/issues/new?template=distutils-deprecation.yml
  warnings.warn(

2026-06-25 13:58:09,672:WARNING:C:\Users\mmiik\miniconda3\envs\wine\Lib\site-packages\_distutils_hack\__init__.py:30: UserWarning: Setuptools is replacing distutils. Support for replacing an already imported distutils is deprecated. In the future, this condition will fail. Register concerns at https://github.com/pypa/setuptools/issues/new?template=distutils-deprecation.yml
  warnings.warn(

2026-06-25 13:58:09,679:WARNING:C:\Users\mmiik\miniconda3\envs\wine\Lib\site-packages\_distutils_hack\__init__.py:30: UserWarning: Setuptools is replacing distutils. Support for replacing an already imported distutils is deprecated. In the future, this condition will fail. Register concerns at https://github.com/pypa/setuptools/issues/new?template=distutils-deprecation.yml
  warnings.warn(

2026-06-25 13:58:09,683:WARNING:C:\Users\mmiik\miniconda3\envs\wine\Lib\site-packages\_distutils_hack\__init__.py:30: UserWarning: Setuptools is replacing distutils. Support for replacing an already imported distutils is deprecated. In the future, this condition will fail. Register concerns at https://github.com/pypa/setuptools/issues/new?template=distutils-deprecation.yml
  warnings.warn(

2026-06-25 13:58:09,686:WARNING:C:\Users\mmiik\miniconda3\envs\wine\Lib\site-packages\_distutils_hack\__init__.py:30: UserWarning: Setuptools is replacing distutils. Support for replacing an already imported distutils is deprecated. In the future, this condition will fail. Register concerns at https://github.com/pypa/setuptools/issues/new?template=distutils-deprecation.yml
  warnings.warn(

2026-06-25 13:58:09,691:WARNING:C:\Users\mmiik\miniconda3\envs\wine\Lib\site-packages\_distutils_hack\__init__.py:30: UserWarning: Setuptools is replacing distutils. Support for replacing an already imported distutils is deprecated. In the future, this condition will fail. Register concerns at https://github.com/pypa/setuptools/issues/new?template=distutils-deprecation.yml
  warnings.warn(

2026-06-25 13:58:09,693:WARNING:C:\Users\mmiik\miniconda3\envs\wine\Lib\site-packages\_distutils_hack\__init__.py:30: UserWarning: Setuptools is replacing distutils. Support for replacing an already imported distutils is deprecated. In the future, this condition will fail. Register concerns at https://github.com/pypa/setuptools/issues/new?template=distutils-deprecation.yml
  warnings.warn(

2026-06-25 13:58:09,695:WARNING:C:\Users\mmiik\miniconda3\envs\wine\Lib\site-packages\_distutils_hack\__init__.py:30: UserWarning: Setuptools is replacing distutils. Support for replacing an already imported distutils is deprecated. In the future, this condition will fail. Register concerns at https://github.com/pypa/setuptools/issues/new?template=distutils-deprecation.yml
  warnings.warn(

2026-06-25 13:58:09,695:WARNING:C:\Users\mmiik\miniconda3\envs\wine\Lib\site-packages\_distutils_hack\__init__.py:30: UserWarning: Setuptools is replacing distutils. Support for replacing an already imported distutils is deprecated. In the future, this condition will fail. Register concerns at https://github.com/pypa/setuptools/issues/new?template=distutils-deprecation.yml
  warnings.warn(

2026-06-25 13:58:12,610:WARNING:C:\Users\mmiik\miniconda3\envs\wine\Lib\site-packages\_distutils_hack\__init__.py:30: UserWarning: Setuptools is replacing distutils. Support for replacing an already imported distutils is deprecated. In the future, this condition will fail. Register concerns at https://github.com/pypa/setuptools/issues/new?template=distutils-deprecation.yml
  warnings.warn(

2026-06-25 13:58:12,684:WARNING:C:\Users\mmiik\miniconda3\envs\wine\Lib\site-packages\_distutils_hack\__init__.py:30: UserWarning: Setuptools is replacing distutils. Support for replacing an already imported distutils is deprecated. In the future, this condition will fail. Register concerns at https://github.com/pypa/setuptools/issues/new?template=distutils-deprecation.yml
  warnings.warn(

2026-06-25 13:58:12,687:WARNING:C:\Users\mmiik\miniconda3\envs\wine\Lib\site-packages\_distutils_hack\__init__.py:30: UserWarning: Setuptools is replacing distutils. Support for replacing an already imported distutils is deprecated. In the future, this condition will fail. Register concerns at https://github.com/pypa/setuptools/issues/new?template=distutils-deprecation.yml
  warnings.warn(

2026-06-25 13:58:12,731:WARNING:C:\Users\mmiik\miniconda3\envs\wine\Lib\site-packages\_distutils_hack\__init__.py:30: UserWarning: Setuptools is replacing distutils. Support for replacing an already imported distutils is deprecated. In the future, this condition will fail. Register concerns at https://github.com/pypa/setuptools/issues/new?template=distutils-deprecation.yml
  warnings.warn(

2026-06-25 13:58:12,734:WARNING:C:\Users\mmiik\miniconda3\envs\wine\Lib\site-packages\_distutils_hack\__init__.py:30: UserWarning: Setuptools is replacing distutils. Support for replacing an already imported distutils is deprecated. In the future, this condition will fail. Register concerns at https://github.com/pypa/setuptools/issues/new?template=distutils-deprecation.yml
  warnings.warn(

2026-06-25 13:58:12,740:WARNING:C:\Users\mmiik\miniconda3\envs\wine\Lib\site-packages\_distutils_hack\__init__.py:30: UserWarning: Setuptools is replacing distutils. Support for replacing an already imported distutils is deprecated. In the future, this condition will fail. Register concerns at https://github.com/pypa/setuptools/issues/new?template=distutils-deprecation.yml
  warnings.warn(

2026-06-25 13:58:12,741:WARNING:C:\Users\mmiik\miniconda3\envs\wine\Lib\site-packages\_distutils_hack\__init__.py:30: UserWarning: Setuptools is replacing distutils. Support for replacing an already imported distutils is deprecated. In the future, this condition will fail. Register concerns at https://github.com/pypa/setuptools/issues/new?template=distutils-deprecation.yml
  warnings.warn(

2026-06-25 13:58:12,752:WARNING:C:\Users\mmiik\miniconda3\envs\wine\Lib\site-packages\_distutils_hack\__init__.py:30: UserWarning: Setuptools is replacing distutils. Support for replacing an already imported distutils is deprecated. In the future, this condition will fail. Register concerns at https://github.com/pypa/setuptools/issues/new?template=distutils-deprecation.yml
  warnings.warn(

2026-06-25 13:58:12,752:WARNING:C:\Users\mmiik\miniconda3\envs\wine\Lib\site-packages\_distutils_hack\__init__.py:30: UserWarning: Setuptools is replacing distutils. Support for replacing an already imported distutils is deprecated. In the future, this condition will fail. Register concerns at https://github.com/pypa/setuptools/issues/new?template=distutils-deprecation.yml
  warnings.warn(

2026-06-25 13:58:12,759:WARNING:C:\Users\mmiik\miniconda3\envs\wine\Lib\site-packages\_distutils_hack\__init__.py:30: UserWarning: Setuptools is replacing distutils. Support for replacing an already imported distutils is deprecated. In the future, this condition will fail. Register concerns at https://github.com/pypa/setuptools/issues/new?template=distutils-deprecation.yml
  warnings.warn(

2026-06-25 13:58:15,247:WARNING:C:\Users\mmiik\miniconda3\envs\wine\Lib\site-packages\pycaret\internal\pycaret_experiment\supervised_experiment.py:339: FutureWarning: Styler.applymap has been deprecated. Use Styler.map instead.
  .applymap(highlight_cols, subset=["TT (Sec)"])

2026-06-25 13:58:15,393:INFO:Soft dependency imported: optuna: 4.9.0
2026-06-25 13:58:15,590:WARNING:C:\Users\mmiik\miniconda3\envs\wine\Lib\site-packages\optuna\_experimental.py:33: ExperimentalWarning: Argument ``multivariate`` is an experimental feature. The interface can change in the future.
  optuna_warn(

2026-06-25 13:58:15,591:WARNING:C:\Users\mmiik\miniconda3\envs\wine\Lib\site-packages\optuna\_experimental.py:33: ExperimentalWarning: Argument ``constant_liar`` is an experimental feature. The interface can change in the future.
  optuna_warn(

2026-06-25 13:58:15,592:WARNING:C:\Users\mmiik\miniconda3\envs\wine\Lib\site-packages\optuna\distributions.py:502: UserWarning: Choices for a categorical distribution should be a tuple of None, bool, int, float and str for persistent storage but contains {} which is of type dict.
  optuna_warn(message)

2026-06-25 13:58:15,602:WARNING:C:\Users\mmiik\miniconda3\envs\wine\Lib\site-packages\optuna\integration\sklearn.py:14: FutureWarning: `optuna.integration.sklearn` has been deprecated in v4.9.0. This feature will be removed in v6.0.0. See https://github.com/optuna/optuna/releases/tag/v4.9.0. Use `optuna_integration.sklearn` instead.
  optuna_warn(f"{msg} Use `optuna_integration.sklearn` instead.", FutureWarning)

2026-06-25 13:58:15,603:WARNING:C:\Users\mmiik\miniconda3\envs\wine\Lib\site-packages\pycaret\internal\pycaret_experiment\supervised_experiment.py:2458: ExperimentalWarning: OptunaSearchCV is experimental (supported from v0.17.0). The interface can change in the future.
  model_grid = optuna.integration.OptunaSearchCV(  # type: ignore

2026-06-25 13:58:16,638:WARNING:C:\Users\mmiik\miniconda3\envs\wine\Lib\site-packages\optuna\terminator\erroreval.py:113: FutureWarning: `optuna.terminator` module has been deprecated in v4.9.0. This feature will be removed in v6.0.0. See https://github.com/optuna/optuna/releases/tag/v4.9.0.
  optuna_warn(_DEPRECATION_WARNING_MESSAGE, FutureWarning)

2026-06-25 13:58:16,648:WARNING:C:\Users\mmiik\miniconda3\envs\wine\Lib\site-packages\optuna\terminator\erroreval.py:113: FutureWarning: `optuna.terminator` module has been deprecated in v4.9.0. This feature will be removed in v6.0.0. See https://github.com/optuna/optuna/releases/tag/v4.9.0.
  optuna_warn(_DEPRECATION_WARNING_MESSAGE, FutureWarning)

2026-06-25 13:58:16,650:WARNING:C:\Users\mmiik\miniconda3\envs\wine\Lib\site-packages\optuna\terminator\erroreval.py:113: FutureWarning: `optuna.terminator` module has been deprecated in v4.9.0. This feature will be removed in v6.0.0. See https://github.com/optuna/optuna/releases/tag/v4.9.0.
  optuna_warn(_DEPRECATION_WARNING_MESSAGE, FutureWarning)

2026-06-25 13:58:16,672:WARNING:C:\Users\mmiik\miniconda3\envs\wine\Lib\site-packages\optuna\terminator\erroreval.py:113: FutureWarning: `optuna.terminator` module has been deprecated in v4.9.0. This feature will be removed in v6.0.0. See https://github.com/optuna/optuna/releases/tag/v4.9.0.
  optuna_warn(_DEPRECATION_WARNING_MESSAGE, FutureWarning)

2026-06-25 13:58:16,688:WARNING:C:\Users\mmiik\miniconda3\envs\wine\Lib\site-packages\optuna\terminator\erroreval.py:113: FutureWarning: `optuna.terminator` module has been deprecated in v4.9.0. This feature will be removed in v6.0.0. See https://github.com/optuna/optuna/releases/tag/v4.9.0.
  optuna_warn(_DEPRECATION_WARNING_MESSAGE, FutureWarning)

2026-06-25 13:58:16,689:WARNING:C:\Users\mmiik\miniconda3\envs\wine\Lib\site-packages\optuna\terminator\erroreval.py:113: FutureWarning: `optuna.terminator` module has been deprecated in v4.9.0. This feature will be removed in v6.0.0. See https://github.com/optuna/optuna/releases/tag/v4.9.0.
  optuna_warn(_DEPRECATION_WARNING_MESSAGE, FutureWarning)

2026-06-25 13:58:16,690:WARNING:C:\Users\mmiik\miniconda3\envs\wine\Lib\site-packages\optuna\terminator\erroreval.py:113: FutureWarning: `optuna.terminator` module has been deprecated in v4.9.0. This feature will be removed in v6.0.0. See https://github.com/optuna/optuna/releases/tag/v4.9.0.
  optuna_warn(_DEPRECATION_WARNING_MESSAGE, FutureWarning)

2026-06-25 13:58:16,694:WARNING:C:\Users\mmiik\miniconda3\envs\wine\Lib\site-packages\optuna\terminator\erroreval.py:113: FutureWarning: `optuna.terminator` module has been deprecated in v4.9.0. This feature will be removed in v6.0.0. See https://github.com/optuna/optuna/releases/tag/v4.9.0.
  optuna_warn(_DEPRECATION_WARNING_MESSAGE, FutureWarning)

2026-06-25 13:58:16,699:WARNING:C:\Users\mmiik\miniconda3\envs\wine\Lib\site-packages\optuna\terminator\erroreval.py:113: FutureWarning: `optuna.terminator` module has been deprecated in v4.9.0. This feature will be removed in v6.0.0. See https://github.com/optuna/optuna/releases/tag/v4.9.0.
  optuna_warn(_DEPRECATION_WARNING_MESSAGE, FutureWarning)

2026-06-25 14:00:59,151:WARNING:C:\Users\mmiik\miniconda3\envs\wine\Lib\site-packages\_distutils_hack\__init__.py:30: UserWarning: Setuptools is replacing distutils. Support for replacing an already imported distutils is deprecated. In the future, this condition will fail. Register concerns at https://github.com/pypa/setuptools/issues/new?template=distutils-deprecation.yml
  warnings.warn(

2026-06-25 14:01:01,126:WARNING:\\192.168.0.182\NASstuff\ASI\repos\ASI_Projekt_s27492_s26681_27100\src\winequality\pipelines\data_science\nodes.py:55: FutureWarning: ``mlflow.tracking.client.MlflowClient.get_latest_versions`` is deprecated since 2.9.0. Model registry stages will be removed in a future major release. To learn more about the deprecation of model registry stages, see our migration guide here: https://mlflow.org/docs/latest/model-registry.html#migrating-from-stages
  versions = client.get_latest_versions("winequality_model", stages=["None"])

2026-06-25 14:01:01,145:WARNING:\\192.168.0.182\NASstuff\ASI\repos\ASI_Projekt_s27492_s26681_27100\src\winequality\pipelines\data_science\nodes.py:58: FutureWarning: ``mlflow.tracking.client.MlflowClient.transition_model_version_stage`` is deprecated since 2.9.0. Model registry stages will be removed in a future major release. To learn more about the deprecation of model registry stages, see our migration guide here: https://mlflow.org/docs/latest/model-registry.html#migrating-from-stages
  client.transition_model_version_stage(

